{
  service: 'smart-school-transport',
  code: 'EADDRINUSE',
  errno: -4091,
  syscall: 'listen',
  address: '::',
  port: 3000,
  level: 'error',
  message: 'Uncaught Exception: listen EADDRINUSE: address already in use :::3000',
  stack: 'Error: listen EADDRINUSE: address already in use :::3000\n' +
    '    at Server.setupListenHandle [as _listen2] (node:net:1948:16)\n' +
    '    at listenInCluster (node:net:2005:12)\n' +
    '    at Server.listen (node:net:2110:7)\n' +
    '    at app.listen (C:\\Users\\user\\OneDrive\\Desktop\\smart-school-transport-system\\node_modules\\express\\lib\\application.js:635:24)\n' +
    '    at startServer (C:\\Users\\user\\OneDrive\\Desktop\\smart-school-transport-system\\server.js:142:28)\n' +
    '    at process.processTicksAndRejections (node:internal/process/task_queues:104:5)',
  timestamp: '2026-04-19 13:56:50'
}
{
  service: 'smart-school-transport',
  code: 'EADDRINUSE',
  errno: -4091,
  syscall: 'listen',
  address: '::',
  port: 3000,
  level: 'error',
  message: 'Uncaught Exception: listen EADDRINUSE: address already in use :::3000',
  stack: 'Error: listen EADDRINUSE: address already in use :::3000\n' +
    '    at Server.setupListenHandle [as _listen2] (node:net:1948:16)\n' +
    '    at listenInCluster (node:net:2005:12)\n' +
    '    at Server.listen (node:net:2110:7)\n' +
    '    at app.listen (C:\\Users\\user\\OneDrive\\Desktop\\smart-school-transport-system\\node_modules\\express\\lib\\application.js:635:24)\n' +
    '    at startServer (C:\\Users\\user\\OneDrive\\Desktop\\smart-school-transport-system\\server.js:142:28)\n' +
    '    at process.processTicksAndRejections (node:internal/process/task_queues:104:5)',
  timestamp: '2026-04-19 14:02:53'
}
{
  service: 'smart-school-transport',
  code: 'EADDRINUSE',
  errno: -4091,
  syscall: 'listen',
  address: '::',
  port: 3000,
  level: 'error',
  message: 'Uncaught Exception: listen EADDRINUSE: address already in use :::3000',
  stack: 'Error: listen EADDRINUSE: address already in use :::3000\n' +
    '    at Server.setupListenHandle [as _listen2] (node:net:1948:16)\n' +
    '    at listenInCluster (node:net:2005:12)\n' +
    '    at Server.listen (node:net:2110:7)\n' +
    '    at app.listen (C:\\Users\\user\\OneDrive\\Desktop\\smart-school-transport-system\\node_modules\\express\\lib\\application.js:635:24)\n' +
    '    at startServer (C:\\Users\\user\\OneDrive\\Desktop\\smart-school-transport-system\\server.js:142:28)\n' +
    '    at process.processTicksAndRejections (node:internal/process/task_queues:104:5)',
  timestamp: '2026-04-19 14:03:58'
}
{
  service: 'smart-school-transport',
  code: 'EADDRINUSE',
  errno: -4091,
  syscall: 'listen',
  address: '::',
  port: 3000,
  level: 'error',
  message: 'Uncaught Exception: listen EADDRINUSE: address already in use :::3000',
  stack: 'Error: listen EADDRINUSE: address already in use :::3000\n' +
    '    at Server.setupListenHandle [as _listen2] (node:net:1948:16)\n' +
    '    at listenInCluster (node:net:2005:12)\n' +
    '    at Server.listen (node:net:2110:7)\n' +
    '    at app.listen (C:\\Users\\user\\OneDrive\\Desktop\\smart-school-transport-system\\node_modules\\express\\lib\\application.js:635:24)\n' +
    '    at startServer (C:\\Users\\user\\OneDrive\\Desktop\\smart-school-transport-system\\server.js:142:28)\n' +
    '    at process.processTicksAndRejections (node:internal/process/task_queues:104:5)',
  timestamp: '2026-04-20 07:37:59'
}
{
  service: 'smart-school-transport',
  code: 'EADDRINUSE',
  errno: -4091,
  syscall: 'listen',
  address: '::',
  port: 3000,
  level: 'error',
  message: 'Uncaught Exception: listen EADDRINUSE: address already in use :::3000',
  stack: 'Error: listen EADDRINUSE: address already in use :::3000\n' +
    '    at Server.setupListenHandle [as _listen2] (node:net:1948:16)\n' +
    '    at listenInCluster (node:net:2005:12)\n' +
    '    at Server.listen (node:net:2110:7)\n' +
    '    at app.listen (C:\\Users\\user\\OneDrive\\Desktop\\smart-school-transport-system\\node_modules\\express\\lib\\application.js:635:24)\n' +
    '    at startServer (C:\\Users\\user\\OneDrive\\Desktop\\smart-school-transport-system\\server.js:142:28)\n' +
    '    at process.processTicksAndRejections (node:internal/process/task_queues:104:5)',
  timestamp: '2026-04-20 14:51:46'
}
{
  service: 'smart-school-transport',
  code: 'EADDRINUSE',
  errno: -4091,
  syscall: 'listen',
  address: '::',
  port: 3000,
  level: 'error',
  message: 'Uncaught Exception: listen EADDRINUSE: address already in use :::3000',
  stack: 'Error: listen EADDRINUSE: address already in use :::3000\n' +
    '    at Server.setupListenHandle [as _listen2] (node:net:1948:16)\n' +
    '    at listenInCluster (node:net:2005:12)\n' +
    '    at Server.listen (node:net:2110:7)\n' +
    '    at app.listen (C:\\Users\\user\\OneDrive\\Desktop\\smart-school-transport-system\\node_modules\\express\\lib\\application.js:635:24)\n' +
    '    at startServer (C:\\Users\\user\\OneDrive\\Desktop\\smart-school-transport-system\\server.js:142:28)\n' +
    '    at process.processTicksAndRejections (node:internal/process/task_queues:104:5)',
  timestamp: '2026-04-20 16:24:14'
}
{
  service: 'smart-school-transport',
  code: 'EADDRINUSE',
  errno: -4091,
  syscall: 'listen',
  address: '::',
  port: 3000,
  level: 'error',
  message: 'Uncaught Exception: listen EADDRINUSE: address already in use :::3000',
  stack: 'Error: listen EADDRINUSE: address already in use :::3000\n' +
    '    at Server.setupListenHandle [as _listen2] (node:net:1948:16)\n' +
    '    at listenInCluster (node:net:2005:12)\n' +
    '    at Server.listen (node:net:2110:7)\n' +
    '    at app.listen (C:\\Users\\user\\OneDrive\\Desktop\\smart-school-transport-system\\node_modules\\express\\lib\\application.js:635:24)\n' +
    '    at startServer (C:\\Users\\user\\OneDrive\\Desktop\\smart-school-transport-system\\server.js:166:28)\n' +
    '    at process.processTicksAndRejections (node:internal/process/task_queues:104:5)',
  timestamp: '2026-04-20 18:42:14'
}
{
  service: 'smart-school-transport',
  code: 'EADDRINUSE',
  errno: -4091,
  syscall: 'listen',
  address: '::',
  port: 3000,
  level: 'error',
  message: 'Uncaught Exception: listen EADDRINUSE: address already in use :::3000',
  stack: 'Error: listen EADDRINUSE: address already in use :::3000\n' +
    '    at Server.setupListenHandle [as _listen2] (node:net:1948:16)\n' +
    '    at listenInCluster (node:net:2005:12)\n' +
    '    at Server.listen (node:net:2110:7)\n' +
    '    at app.listen (C:\\Users\\user\\OneDrive\\Desktop\\smart-school-transport-system\\node_modules\\express\\lib\\application.js:635:24)\n' +
    '    at startServer (C:\\Users\\user\\OneDrive\\Desktop\\smart-school-transport-system\\server.js:166:28)\n' +
    '    at process.processTicksAndRejections (node:internal/process/task_queues:104:5)',
  timestamp: '2026-04-20 20:42:15'
}
{
  service: 'smart-school-transport',
  code: 'EADDRINUSE',
  errno: -4091,
  syscall: 'listen',
  address: '::',
  port: 3000,
  level: 'error',
  message: 'Uncaught Exception: listen EADDRINUSE: address already in use :::3000',
  stack: 'Error: listen EADDRINUSE: address already in use :::3000\n' +
    '    at Server.setupListenHandle [as _listen2] (node:net:1948:16)\n' +
    '    at listenInCluster (node:net:2005:12)\n' +
    '    at Server.listen (node:net:2110:7)\n' +
    '    at app.listen (C:\\Users\\user\\OneDrive\\Desktop\\smart-school-transport-system\\node_modules\\express\\lib\\application.js:635:24)\n' +
    '    at startServer (C:\\Users\\user\\OneDrive\\Desktop\\smart-school-transport-system\\server.js:166:28)\n' +
    '    at process.processTicksAndRejections (node:internal/process/task_queues:104:5)',
  timestamp: '2026-04-20 20:50:30'
}
{
  service: 'smart-school-transport',
  code: 'EADDRINUSE',
  errno: -4091,
  syscall: 'listen',
  address: '::',
  port: 3001,
  level: 'error',
  message: 'Uncaught Exception: listen EADDRINUSE: address already in use :::3001',
  stack: 'Error: listen EADDRINUSE: address already in use :::3001\n' +
    '    at Server.setupListenHandle [as _listen2] (node:net:1948:16)\n' +
    '    at listenInCluster (node:net:2005:12)\n' +
    '    at Server.listen (node:net:2110:7)\n' +
    '    at app.listen (C:\\Users\\user\\OneDrive\\Desktop\\smart-school-transport-system\\node_modules\\express\\lib\\application.js:635:24)\n' +
    '    at startServer (C:\\Users\\user\\OneDrive\\Desktop\\smart-school-transport-system\\server.js:166:28)\n' +
    '    at process.processTicksAndRejections (node:internal/process/task_queues:104:5)',
  timestamp: '2026-04-20 20:51:17'
}
{
  service: 'smart-school-transport',
  code: 'EADDRINUSE',
  errno: -4091,
  syscall: 'listen',
  address: '::',
  port: 3002,
  level: 'error',
  message: 'Uncaught Exception: listen EADDRINUSE: address already in use :::3002',
  stack: 'Error: listen EADDRINUSE: address already in use :::3002\n' +
    '    at Server.setupListenHandle [as _listen2] (node:net:1948:16)\n' +
    '    at listenInCluster (node:net:2005:12)\n' +
    '    at Server.listen (node:net:2110:7)\n' +
    '    at app.listen (C:\\Users\\user\\OneDrive\\Desktop\\smart-school-transport-system\\node_modules\\express\\lib\\application.js:635:24)\n' +
    '    at startServer (C:\\Users\\user\\OneDrive\\Desktop\\smart-school-transport-system\\server.js:166:28)\n' +
    '    at process.processTicksAndRejections (node:internal/process/task_queues:104:5)',
  timestamp: '2026-04-21 07:58:04'
}
{
  service: 'smart-school-transport',
  code: 'EADDRINUSE',
  errno: -4091,
  syscall: 'listen',
  address: '::',
  port: 3003,
  level: 'error',
  message: 'Uncaught Exception: listen EADDRINUSE: address already in use :::3003',
  stack: 'Error: listen EADDRINUSE: address already in use :::3003\n' +
    '    at Server.setupListenHandle [as _listen2] (node:net:1948:16)\n' +
    '    at listenInCluster (node:net:2005:12)\n' +
    '    at Server.listen (node:net:2110:7)\n' +
    '    at app.listen (C:\\Users\\user\\OneDrive\\Desktop\\smart-school-transport-system\\node_modules\\express\\lib\\application.js:635:24)\n' +
    '    at startServer (C:\\Users\\user\\OneDrive\\Desktop\\smart-school-transport-system\\server.js:166:28)\n' +
    '    at process.processTicksAndRejections (node:internal/process/task_queues:104:5)',
  timestamp: '2026-04-21 08:11:04'
}
{
  service: 'smart-school-transport',
  code: 'EADDRINUSE',
  errno: -4091,
  syscall: 'listen',
  address: '::',
  port: 8080,
  level: 'error',
  message: 'Uncaught Exception: listen EADDRINUSE: address already in use :::8080',
  stack: 'Error: listen EADDRINUSE: address already in use :::8080\n' +
    '    at Server.setupListenHandle [as _listen2] (node:net:1948:16)\n' +
    '    at listenInCluster (node:net:2005:12)\n' +
    '    at Server.listen (node:net:2110:7)\n' +
    '    at app.listen (C:\\Users\\user\\OneDrive\\Desktop\\smart-school-transport-system\\node_modules\\express\\lib\\application.js:635:24)\n' +
    '    at startServer (C:\\Users\\user\\OneDrive\\Desktop\\smart-school-transport-system\\server.js:166:28)\n' +
    '    at process.processTicksAndRejections (node:internal/process/task_queues:104:5)',
  timestamp: '2026-04-22 18:59:14'
}
{
  service: 'smart-school-transport',
  code: 'EADDRINUSE',
  errno: -4091,
  syscall: 'listen',
  address: '::',
  port: 5000,
  level: 'error',
  message: 'Uncaught Exception: listen EADDRINUSE: address already in use :::5000',
  stack: 'Error: listen EADDRINUSE: address already in use :::5000\n' +
    '    at Server.setupListenHandle [as _listen2] (node:net:1948:16)\n' +
    '    at listenInCluster (node:net:2005:12)\n' +
    '    at Server.listen (node:net:2110:7)\n' +
    '    at app.listen (C:\\Users\\user\\OneDrive\\Desktop\\smart-school-transport-system\\node_modules\\express\\lib\\application.js:635:24)\n' +
    '    at startServer (C:\\Users\\user\\OneDrive\\Desktop\\smart-school-transport-system\\server.js:166:28)\n' +
    '    at process.processTicksAndRejections (node:internal/process/task_queues:104:5)',
  timestamp: '2026-04-22 18:59:47'
}
{
  service: 'smart-school-transport',
  message: 'Error occurred: Route /favicon.ico not found',
  stack: 'NotFoundError: Route /favicon.ico not found\n' +
    '    at notFound (C:\\Users\\user\\OneDrive\\Desktop\\smart-school-transport-system\\middleware\\errorHandler.js:234:19)\n' +
    '    at Layer.handle [as handle_request] (C:\\Users\\user\\OneDrive\\Desktop\\smart-school-transport-system\\node_modules\\express\\lib\\router\\layer.js:95:5)\n' +
    '    at trim_prefix (C:\\Users\\user\\OneDrive\\Desktop\\smart-school-transport-system\\node_modules\\express\\lib\\router\\index.js:328:13)\n' +
    '    at C:\\Users\\user\\OneDrive\\Desktop\\smart-school-transport-system\\node_modules\\express\\lib\\router\\index.js:286:9\n' +
    '    at router.process_params (C:\\Users\\user\\OneDrive\\Desktop\\smart-school-transport-system\\node_modules\\express\\lib\\router\\index.js:346:12)\n' +
    '    at next (C:\\Users\\user\\OneDrive\\Desktop\\smart-school-transport-system\\node_modules\\express\\lib\\router\\index.js:280:10)\n' +
    '    at SendStream.error (C:\\Users\\user\\OneDrive\\Desktop\\smart-school-transport-system\\node_modules\\serve-static\\index.js:121:7)\n' +
    '    at SendStream.emit (node:events:508:28)\n' +
    '    at SendStream.error (C:\\Users\\user\\OneDrive\\Desktop\\smart-school-transport-system\\node_modules\\send\\index.js:270:17)\n' +
    '    at SendStream.onStatError (C:\\Users\\user\\OneDrive\\Desktop\\smart-school-transport-system\\node_modules\\send\\index.js:417:12)',
  url: '/favicon.ico',
  method: 'GET',
  ip: '::1',
  userAgent: 'Mozilla/5.0 (Windows NT 10.0; Win64; x64) AppleWebKit/537.36 (KHTML, like Gecko) Chrome/147.0.0.0 Safari/537.36 Edg/147.0.0.0',
  timestamp: '2026-04-22 19:47:52',
  level: 'error'
}
{
  service: 'smart-school-transport',
  code: 'ECONNREFUSED',
  fatal: true,
  level: 'error',
  message: 'Failed to start server:',
  stack: 'AggregateError [ECONNREFUSED]: \n' +
    '    at internalConnectMultiple (node:net:1142:49)\n' +
    '    at afterConnectMultiple (node:net:1723:7)',
  timestamp: '2026-04-23 19:58:46'
}
{
  service: 'smart-school-transport',
  code: 'ECONNREFUSED',
  fatal: true,
  level: 'error',
  message: 'Failed to start server:',
  stack: 'AggregateError [ECONNREFUSED]: \n' +
    '    at internalConnectMultiple (node:net:1142:49)\n' +
    '    at afterConnectMultiple (node:net:1723:7)',
  timestamp: '2026-04-23 20:04:23'
}
{
  service: 'smart-school-transport',
  code: 'ECONNREFUSED',
  fatal: true,
  level: 'error',
  message: 'Failed to start server:',
  stack: 'AggregateError [ECONNREFUSED]: \n' +
    '    at internalConnectMultiple (node:net:1142:49)\n' +
    '    at afterConnectMultiple (node:net:1723:7)',
  timestamp: '2026-04-23 20:20:19'
}
{
  service: 'smart-school-transport',
  code: 'ECONNREFUSED',
  fatal: true,
  level: 'error',
  message: 'Failed to start server:',
  stack: 'AggregateError [ECONNREFUSED]: \n' +
    '    at internalConnectMultiple (node:net:1142:49)\n' +
    '    at afterConnectMultiple (node:net:1723:7)',
  timestamp: '2026-04-23 20:31:38'
}
{
  service: 'smart-school-transport',
  code: 'ECONNREFUSED',
  fatal: true,
  level: 'error',
  message: 'Failed to start server:',
  stack: 'AggregateError [ECONNREFUSED]: \n' +
    '    at internalConnectMultiple (node:net:1142:49)\n' +
    '    at afterConnectMultiple (node:net:1723:7)',
  timestamp: '2026-04-23 20:31:38'
}
{
  service: 'smart-school-transport',
  code: 'ECONNREFUSED',
  fatal: true,
  level: 'error',
  message: 'Failed to start server:',
  stack: 'AggregateError [ECONNREFUSED]: \n' +
    '    at internalConnectMultiple (node:net:1142:49)\n' +
    '    at afterConnectMultiple (node:net:1723:7)',
  timestamp: '2026-04-23 20:31:38'
}
{
  service: 'smart-school-transport',
  code: 'ECONNREFUSED',
  fatal: true,
  level: 'error',
  message: 'Failed to start server:',
  stack: 'AggregateError [ECONNREFUSED]: \n' +
    '    at internalConnectMultiple (node:net:1142:49)\n' +
    '    at afterConnectMultiple (node:net:1723:7)',
  timestamp: '2026-04-23 20:31:38'
}
{
  service: 'smart-school-transport',
  code: 'ECONNREFUSED',
  fatal: true,
  level: 'error',
  message: 'Failed to start server:',
  stack: 'AggregateError [ECONNREFUSED]: \n' +
    '    at internalConnectMultiple (node:net:1142:49)\n' +
    '    at afterConnectMultiple (node:net:1723:7)',
  timestamp: '2026-04-23 20:31:38'
}
{
  service: 'smart-school-transport',
  code: 'ECONNREFUSED',
  fatal: true,
  level: 'error',
  message: 'Failed to start server:',
  stack: 'AggregateError [ECONNREFUSED]: \n' +
    '    at internalConnectMultiple (node:net:1142:49)\n' +
    '    at afterConnectMultiple (node:net:1723:7)',
  timestamp: '2026-04-23 20:31:42'
}
{
  service: 'smart-school-transport',
  code: 'ECONNREFUSED',
  fatal: true,
  level: 'error',
  message: 'Failed to start server:',
  stack: 'AggregateError [ECONNREFUSED]: \n' +
    '    at internalConnectMultiple (node:net:1142:49)\n' +
    '    at afterConnectMultiple (node:net:1723:7)',
  timestamp: '2026-04-23 20:31:42'
}
{
  service: 'smart-school-transport',
  code: 'ECONNREFUSED',
  fatal: true,
  level: 'error',
  message: 'Failed to start server:',
  stack: 'AggregateError [ECONNREFUSED]: \n' +
    '    at internalConnectMultiple (node:net:1142:49)\n' +
    '    at afterConnectMultiple (node:net:1723:7)',
  timestamp: '2026-04-23 20:31:42'
}
{
  service: 'smart-school-transport',
  code: 'ECONNREFUSED',
  fatal: true,
  level: 'error',
  message: 'Failed to start server:',
  stack: 'AggregateError [ECONNREFUSED]: \n' +
    '    at internalConnectMultiple (node:net:1142:49)\n' +
    '    at afterConnectMultiple (node:net:1723:7)',
  timestamp: '2026-04-23 20:31:42'
}
{
  service: 'smart-school-transport',
  code: 'ECONNREFUSED',
  fatal: true,
  level: 'error',
  message: 'Failed to start server:',
  stack: 'AggregateError [ECONNREFUSED]: \n' +
    '    at internalConnectMultiple (node:net:1142:49)\n' +
    '    at afterConnectMultiple (node:net:1723:7)',
  timestamp: '2026-04-23 20:31:53'
}
{
  service: 'smart-school-transport',
  code: 'EADDRINUSE',
  errno: -4091,
  syscall: 'listen',
  address: '::',
  port: 5000,
  level: 'error',
  message: 'Uncaught Exception: listen EADDRINUSE: address already in use :::5000',
  stack: 'Error: listen EADDRINUSE: address already in use :::5000\n' +
    '    at Server.setupListenHandle [as _listen2] (node:net:1948:16)\n' +
    '    at listenInCluster (node:net:2005:12)\n' +
    '    at Server.listen (node:net:2110:7)\n' +
    '    at app.listen (C:\\Users\\user\\OneDrive\\Desktop\\smart-school-transport-system\\node_modules\\express\\lib\\application.js:635:24)\n' +
    '    at startServer (file:///C:/Users/user/OneDrive/Desktop/smart-school-transport-system/server.js:195:28)\n' +
    '    at process.processTicksAndRejections (node:internal/process/task_queues:104:5)',
  timestamp: '2026-04-23 20:33:28'
}
{
  service: 'smart-school-transport',
  code: 'EADDRINUSE',
  errno: -4091,
  syscall: 'listen',
  address: '::',
  port: 5000,
  level: 'error',
  message: 'Uncaught Exception: listen EADDRINUSE: address already in use :::5000',
  stack: 'Error: listen EADDRINUSE: address already in use :::5000\n' +
    '    at Server.setupListenHandle [as _listen2] (node:net:1948:16)\n' +
    '    at listenInCluster (node:net:2005:12)\n' +
    '    at Server.listen (node:net:2110:7)\n' +
    '    at app.listen (C:\\Users\\user\\OneDrive\\Desktop\\smart-school-transport-system\\node_modules\\express\\lib\\application.js:635:24)\n' +
    '    at startServer (file:///C:/Users/user/OneDrive/Desktop/smart-school-transport-system/server.js:195:28)\n' +
    '    at process.processTicksAndRejections (node:internal/process/task_queues:104:5)',
  timestamp: '2026-04-23 20:35:34'
}
{
  service: 'smart-school-transport',
  code: 'EADDRINUSE',
  errno: -4091,
  syscall: 'listen',
  address: '::',
  port: 5000,
  level: 'error',
  message: 'Uncaught Exception: listen EADDRINUSE: address already in use :::5000',
  stack: 'Error: listen EADDRINUSE: address already in use :::5000\n' +
    '    at Server.setupListenHandle [as _listen2] (node:net:1948:16)\n' +
    '    at listenInCluster (node:net:2005:12)\n' +
    '    at Server.listen (node:net:2110:7)\n' +
    '    at app.listen (C:\\Users\\user\\OneDrive\\Desktop\\smart-school-transport-system\\node_modules\\express\\lib\\application.js:635:24)\n' +
    '    at startServer (file:///C:/Users/user/OneDrive/Desktop/smart-school-transport-system/server.js:195:28)\n' +
    '    at process.processTicksAndRejections (node:internal/process/task_queues:104:5)',
  timestamp: '2026-04-23 20:35:34'
}
{
  service: 'smart-school-transport',
  code: 'EADDRINUSE',
  errno: -4091,
  syscall: 'listen',
  address: '::',
  port: 5000,
  level: 'error',
  message: 'Uncaught Exception: listen EADDRINUSE: address already in use :::5000',
  stack: 'Error: listen EADDRINUSE: address already in use :::5000\n' +
    '    at Server.setupListenHandle [as _listen2] (node:net:1948:16)\n' +
    '    at listenInCluster (node:net:2005:12)\n' +
    '    at Server.listen (node:net:2110:7)\n' +
    '    at app.listen (C:\\Users\\user\\OneDrive\\Desktop\\smart-school-transport-system\\node_modules\\express\\lib\\application.js:635:24)\n' +
    '    at startServer (file:///C:/Users/user/OneDrive/Desktop/smart-school-transport-system/server.js:195:28)\n' +
    '    at process.processTicksAndRejections (node:internal/process/task_queues:104:5)',
  timestamp: '2026-04-23 20:35:34'
}
{
  service: 'smart-school-transport',
  code: 'EADDRINUSE',
  errno: -4091,
  syscall: 'listen',
  address: '::',
  port: 5000,
  level: 'error',
  message: 'Uncaught Exception: listen EADDRINUSE: address already in use :::5000',
  stack: 'Error: listen EADDRINUSE: address already in use :::5000\n' +
    '    at Server.setupListenHandle [as _listen2] (node:net:1948:16)\n' +
    '    at listenInCluster (node:net:2005:12)\n' +
    '    at Server.listen (node:net:2110:7)\n' +
    '    at app.listen (C:\\Users\\user\\OneDrive\\Desktop\\smart-school-transport-system\\node_modules\\express\\lib\\application.js:635:24)\n' +
    '    at startServer (file:///C:/Users/user/OneDrive/Desktop/smart-school-transport-system/server.js:195:28)\n' +
    '    at process.processTicksAndRejections (node:internal/process/task_queues:104:5)',
  timestamp: '2026-04-23 20:35:34'
}
{
  service: 'smart-school-transport',
  code: 'EADDRINUSE',
  errno: -4091,
  syscall: 'listen',
  address: '::',
  port: 5000,
  level: 'error',
  message: 'Uncaught Exception: listen EADDRINUSE: address already in use :::5000',
  stack: 'Error: listen EADDRINUSE: address already in use :::5000\n' +
    '    at Server.setupListenHandle [as _listen2] (node:net:1948:16)\n' +
    '    at listenInCluster (node:net:2005:12)\n' +
    '    at Server.listen (node:net:2110:7)\n' +
    '    at app.listen (C:\\Users\\user\\OneDrive\\Desktop\\smart-school-transport-system\\node_modules\\express\\lib\\application.js:635:24)\n' +
    '    at startServer (file:///C:/Users/user/OneDrive/Desktop/smart-school-transport-system/server.js:195:28)\n' +
    '    at process.processTicksAndRejections (node:internal/process/task_queues:104:5)',
  timestamp: '2026-04-23 20:35:34'
}
{
  service: 'smart-school-transport',
  message: 'Error occurred: Route /favicon.ico not found',
  stack: 'NotFoundError: Route /favicon.ico not found\n' +
    '    at notFound (file:///C:/Users/user/OneDrive/Desktop/smart-school-transport-system/middleware/errorHandler.js:234:19)\n' +
    '    at Layer.handle [as handle_request] (C:\\Users\\user\\OneDrive\\Desktop\\smart-school-transport-system\\node_modules\\express\\lib\\router\\layer.js:95:5)\n' +
    '    at trim_prefix (C:\\Users\\user\\OneDrive\\Desktop\\smart-school-transport-system\\node_modules\\express\\lib\\router\\index.js:328:13)\n' +
    '    at C:\\Users\\user\\OneDrive\\Desktop\\smart-school-transport-system\\node_modules\\express\\lib\\router\\index.js:286:9\n' +
    '    at router.process_params (C:\\Users\\user\\OneDrive\\Desktop\\smart-school-transport-system\\node_modules\\express\\lib\\router\\index.js:346:12)\n' +
    '    at next (C:\\Users\\user\\OneDrive\\Desktop\\smart-school-transport-system\\node_modules\\express\\lib\\router\\index.js:280:10)\n' +
    '    at SendStream.error (C:\\Users\\user\\OneDrive\\Desktop\\smart-school-transport-system\\node_modules\\serve-static\\index.js:121:7)\n' +
    '    at SendStream.emit (node:events:508:28)\n' +
    '    at SendStream.error (C:\\Users\\user\\OneDrive\\Desktop\\smart-school-transport-system\\node_modules\\send\\index.js:270:17)\n' +
    '    at SendStream.onStatError (C:\\Users\\user\\OneDrive\\Desktop\\smart-school-transport-system\\node_modules\\send\\index.js:417:12)',
  url: '/favicon.ico',
  method: 'GET',
  ip: '::1',
  userAgent: 'Mozilla/5.0 (Windows NT 10.0; Win64; x64) AppleWebKit/537.36 (KHTML, like Gecko) Chrome/147.0.0.0 Safari/537.36',
  timestamp: '2026-04-24 09:21:27',
  level: 'error'
}
{
  service: 'smart-school-transport',
  code: 'ECONNREFUSED',
  fatal: true,
  level: 'error',
  message: 'Failed to start server:',
  stack: 'AggregateError [ECONNREFUSED]: \n' +
    '    at internalConnectMultiple (node:net:1142:49)\n' +
    '    at afterConnectMultiple (node:net:1723:7)',
  timestamp: '2026-04-24 18:16:47'
}
